<?xml version="1.0" encoding="UTF-8" ?>
<testsuite errors="0" skipped="0" tests="1" time="0.041" failures="0" name="com.spring.AppTest">
  <properties>
    <property value="Java(TM) 2 Runtime Environment, Standard Edition" name="java.runtime.name"/>
    <property value="G:\jdk1.5.0_22\jre\bin" name="sun.boot.library.path"/>
    <property value="1.5.0_22-b03" name="java.vm.version"/>
    <property value="Sun Microsystems Inc." name="java.vm.vendor"/>
    <property value="http://java.sun.com/" name="java.vendor.url"/>
    <property value=";" name="path.separator"/>
    <property value="true" name="guice.disable.misplaced.annotation.check"/>
    <property value="Java HotSpot(TM) Client VM" name="java.vm.name"/>
    <property value="sun.io" name="file.encoding.pkg"/>
    <property value="CN" name="user.country"/>
    <property value="SUN_STANDARD" name="sun.java.launcher"/>
    <property value="Service Pack 1" name="sun.os.patch.level"/>
    <property value="Java Virtual Machine Specification" name="java.vm.specification.name"/>
    <property value="E:\xjlWorkspace_24_ymf\Spring_Annotation" name="user.dir"/>
    <property value="1.5.0_22-b03" name="java.runtime.version"/>
    <property value="sun.awt.Win32GraphicsEnvironment" name="java.awt.graphicsenv"/>
    <property value="G:\jdk1.5.0_22\jre\lib\endorsed" name="java.endorsed.dirs"/>
    <property value="x86" name="os.arch"/>
    <property value="C:\Users\xiajl\AppData\Local\Temp\" name="java.io.tmpdir"/>
    <property value="
" name="line.separator"/>
    <property value="Sun Microsystems Inc." name="java.vm.specification.vendor"/>
    <property value="" name="user.variant"/>
    <property value="Windows 7" name="os.name"/>
    <property value="E:\xjlWorkspace_24_ymf\.metadata\.plugins\org.eclipse.m2e.launching\launches\m2conf6035972425370166949.tmp" name="classworlds.conf"/>
    <property value="GBK" name="sun.jnu.encoding"/>
    <property value="G:\jdk1.5.0_22\bin;.;C:\Windows\system32;C:\Windows;G:/java8/bin/server;G:/java8/bin;G:/java8/lib/amd64;C:\ProgramData\Oracle\Java\javapath;D:\Py2.7\;D:\Py2.7\Scripts;D:\Py3.4\;D:\Py3.4\Scripts;C:\Program Files (x86)\Common Files\NetSarang;C:\Windows\system32;C:\Windows;C:\Windows\system32\wbem;C:\Windows\system32\windowspowershell\v1.0\;c:\program files\java\jdk1.6.0_43\bin;G:\maven\apache-maven-3.0.5\bin;C:\Program Files\Java\jdk1.6.0_43\\jre\bin;G:\jboss-4.2.3.GA\bin;c:\program files\tortoisesvn\bin;g:\mysql\bin;c:\program files\ibm\gsk8\lib64;c:\program files (x86)\ibm\gsk8\lib;G:\DB2\BIN;G:\DB2\FUNCTION;G:\DB2\SAMPLES\REPL;D:\Node.js\;C:\strawberry\c\bin;C:\strawberry\perl\bin;G:\eclipse;" name="java.library.path"/>
    <property value="Java Platform API Specification" name="java.specification.name"/>
    <property value="49.0" name="java.class.version"/>
    <property value="HotSpot Client Compiler" name="sun.management.compiler"/>
    <property value="6.1" name="os.version"/>
    <property value="C:\Users\xiajl" name="user.home"/>
    <property value="Asia/Shanghai" name="user.timezone"/>
    <property value="sun.awt.windows.WPrinterJob" name="java.awt.printerjob"/>
    <property value="GBK" name="file.encoding"/>
    <property value="1.5" name="java.specification.version"/>
    <property value="xiajl" name="user.name"/>
    <property value="G:\maven\apache-maven-3.0.5\boot\plexus-classworlds-2.4.jar" name="java.class.path"/>
    <property value="1.0" name="java.vm.specification.version"/>
    <property value="32" name="sun.arch.data.model"/>
    <property value="G:\jdk1.5.0_22\jre" name="java.home"/>
    <property value="Sun Microsystems Inc." name="java.specification.vendor"/>
    <property value="zh" name="user.language"/>
    <property value="sun.awt.windows.WToolkit" name="awt.toolkit"/>
    <property value="mixed mode" name="java.vm.info"/>
    <property value="1.5.0_22" name="java.version"/>
    <property value="G:\jdk1.5.0_22\jre\lib\ext" name="java.ext.dirs"/>
    <property value="G:\jdk1.5.0_22\jre\lib\rt.jar;G:\jdk1.5.0_22\jre\lib\i18n.jar;G:\jdk1.5.0_22\jre\lib\sunrsasign.jar;G:\jdk1.5.0_22\jre\lib\jsse.jar;G:\jdk1.5.0_22\jre\lib\jce.jar;G:\jdk1.5.0_22\jre\lib\charsets.jar;G:\jdk1.5.0_22\jre\classes" name="sun.boot.class.path"/>
    <property value="Sun Microsystems Inc." name="java.vendor"/>
    <property value="G:\maven\apache-maven-3.0.5" name="maven.home"/>
    <property value="\" name="file.separator"/>
    <property value="http://java.sun.com/cgi-bin/bugreport.cgi" name="java.vendor.url.bug"/>
    <property value="G:\maven\apache-maven-3.0.5\boot\plexus-classworlds-2.4.jar" name="maven.bootclasspath"/>
    <property value="little" name="sun.cpu.endian"/>
    <property value="UnicodeLittle" name="sun.io.unicode.encoding"/>
    <property value="windows" name="sun.desktop"/>
    <property value="pentium_pro+mmx pentium_pro pentium+mmx pentium i486 i386 i86" name="sun.cpu.isalist"/>
  </properties>
  <testcase classname="com.spring.AppTest" time="0" name="testApp"/>
</testsuite>